2023-06-26 18:18:58 [main] INFO  c.m.d.t.t.k.s.TwitterToKafkaServiceApplication - Starting TwitterToKafkaServiceApplication on wangxinliang with PID 22464 (E:\ideaSpace\microdrtvices-demo\twitter-to-kafka-service\target\classes started by 86186 in E:\ideaSpace\microdrtvices-demo)
2023-06-26 18:18:58 [main] INFO  c.m.d.t.t.k.s.TwitterToKafkaServiceApplication - No active profile set, falling back to default profiles: default
2023-06-26 18:18:58 [main] WARN  o.s.c.a.AnnotationConfigApplicationContext - Exception encountered during context initialization - cancelling refresh attempt: org.springframework.beans.factory.UnsatisfiedDependencyException: Error creating bean with name 'twitterToKafkaServiceApplication': Unsatisfied dependency expressed through constructor parameter 0; nested exception is org.springframework.beans.factory.NoUniqueBeanDefinitionException: No qualifying bean of type 'com.microservices.demo.twitter.to.kafka.service.config.TwitterToKafkaServiceConfigData' available: expected single matching bean but found 2: twitterToKafkaServiceConfigData,twitter-to-kafka-service-com.microservices.demo.twitter.to.kafka.service.config.TwitterToKafkaServiceConfigData
2023-06-26 18:18:58 [main] INFO  o.s.b.a.l.ConditionEvaluationReportLoggingListener - 

Error starting ApplicationContext. To display the conditions report re-run your application with 'debug' enabled.
2023-06-26 18:18:58 [main] ERROR o.s.b.d.LoggingFailureAnalysisReporter - 

***************************
APPLICATION FAILED TO START
***************************

Description:

Parameter 0 of constructor in com.microservices.demo.twitter.to.kafka.service.TwitterToKafkaServiceApplication required a single bean, but 2 were found:
	- twitterToKafkaServiceConfigData: defined in file [E:\ideaSpace\microdrtvices-demo\twitter-to-kafka-service\target\classes\com\microservices\demo\twitter\to\kafka\service\config\TwitterToKafkaServiceConfigData.class]
	- twitter-to-kafka-service-com.microservices.demo.twitter.to.kafka.service.config.TwitterToKafkaServiceConfigData: defined in null


Action:

Consider marking one of the beans as @Primary, updating the consumer to accept multiple beans, or using @Qualifier to identify the bean that should be consumed

2023-06-26 18:19:31 [main] INFO  c.m.d.t.t.k.s.TwitterToKafkaServiceApplication - Starting TwitterToKafkaServiceApplication on wangxinliang with PID 44732 (E:\ideaSpace\microdrtvices-demo\twitter-to-kafka-service\target\classes started by 86186 in E:\ideaSpace\microdrtvices-demo)
2023-06-26 18:19:31 [main] INFO  c.m.d.t.t.k.s.TwitterToKafkaServiceApplication - No active profile set, falling back to default profiles: default
2023-06-26 18:19:32 [main] WARN  o.s.c.a.AnnotationConfigApplicationContext - Exception encountered during context initialization - cancelling refresh attempt: org.springframework.beans.factory.UnsatisfiedDependencyException: Error creating bean with name 'twitterToKafkaServiceApplication': Unsatisfied dependency expressed through constructor parameter 0; nested exception is org.springframework.beans.factory.NoUniqueBeanDefinitionException: No qualifying bean of type 'com.microservices.demo.twitter.to.kafka.service.config.TwitterToKafkaServiceConfigData' available: expected single matching bean but found 2: twitterToKafkaServiceConfigData,twitter-to-kafka-service-com.microservices.demo.twitter.to.kafka.service.config.TwitterToKafkaServiceConfigData
2023-06-26 18:19:32 [main] INFO  o.s.b.a.l.ConditionEvaluationReportLoggingListener - 

Error starting ApplicationContext. To display the conditions report re-run your application with 'debug' enabled.
2023-06-26 18:19:32 [main] ERROR o.s.b.d.LoggingFailureAnalysisReporter - 

***************************
APPLICATION FAILED TO START
***************************

Description:

Parameter 0 of constructor in com.microservices.demo.twitter.to.kafka.service.TwitterToKafkaServiceApplication required a single bean, but 2 were found:
	- twitterToKafkaServiceConfigData: defined in file [E:\ideaSpace\microdrtvices-demo\twitter-to-kafka-service\target\classes\com\microservices\demo\twitter\to\kafka\service\config\TwitterToKafkaServiceConfigData.class]
	- twitter-to-kafka-service-com.microservices.demo.twitter.to.kafka.service.config.TwitterToKafkaServiceConfigData: defined in null


Action:

Consider marking one of the beans as @Primary, updating the consumer to accept multiple beans, or using @Qualifier to identify the bean that should be consumed

2023-06-26 18:22:27 [main] INFO  c.m.d.t.t.k.s.TwitterToKafkaServiceApplication - Starting TwitterToKafkaServiceApplication on wangxinliang with PID 49224 (E:\ideaSpace\microdrtvices-demo\twitter-to-kafka-service\target\classes started by 86186 in E:\ideaSpace\microdrtvices-demo)
2023-06-26 18:22:27 [main] INFO  c.m.d.t.t.k.s.TwitterToKafkaServiceApplication - No active profile set, falling back to default profiles: default
2023-06-26 18:22:28 [main] INFO  c.m.d.t.t.k.s.TwitterToKafkaServiceApplication - Started TwitterToKafkaServiceApplication in 0.583 seconds (JVM running for 1.578)
2023-06-26 18:22:28 [main] INFO  c.m.d.t.t.k.s.TwitterToKafkaServiceApplication - App starts...
2023-06-26 18:22:28 [main] INFO  c.m.d.t.t.k.s.TwitterToKafkaServiceApplication - [Java, Microservices, Spring, Kafka, Elasticsearch]
2023-06-26 18:22:28 [main] INFO  c.m.d.t.t.k.s.TwitterToKafkaServiceApplication - Hello microservices!
